{
  "performanceMetrics" : {
    "average slowdown" : 2.5789682644036818,
    "min-max slowdown" : 5.636927918821196,
    "average utilization" : 0.7038307323627937,
    "makespan" : 78627.0
  },
  "uniformityMetrics" : {
    "min-max utilization" : 0.4629093089048866,
    "coefficient of variation" : 0.3671387473070166,
    "standard deviation" : 0.25840353339585614,
    "Jain index" : 0.8812196462342053,
    "balancing efficiency" : 0.7314546544524433
  },
  "history" : {
    "SimpleServer(0,1.730967787376657,MonitoringAgent(0,Some(1000)))" : [ {
      "executionTime" : 16380,
      "arrivalTime " : 6249,
      "completionTime" : 37940
    }, {
      "executionTime" : 16645,
      "arrivalTime " : 4692,
      "completionTime" : 28478
    }, {
      "executionTime" : 16298,
      "arrivalTime " : 4637,
      "completionTime" : 18862
    }, {
      "executionTime" : 11300,
      "arrivalTime " : 2919,
      "completionTime" : 9447
    } ],
    "SimpleServer(1,1.2405364156714858,MonitoringAgent(1,Some(1000)))" : [ {
      "executionTime" : 15130,
      "arrivalTime " : 9534,
      "completionTime" : 78281
    }, {
      "executionTime" : 19527,
      "arrivalTime " : 8400,
      "completionTime" : 66085
    }, {
      "executionTime" : 19624,
      "arrivalTime " : 7807,
      "completionTime" : 50345
    }, {
      "executionTime" : 14402,
      "arrivalTime " : 7416,
      "completionTime" : 34527
    }, {
      "executionTime" : 10410,
      "arrivalTime " : 5038,
      "completionTime" : 22918
    }, {
      "executionTime" : 14763,
      "arrivalTime " : 2627,
      "completionTime" : 14527
    } ]
  }
}