[ {
  "config" : {
    "servers" : {
      "type" : "RandomPerformance",
      "numberOfServers" : 20,
      "maxPerf" : 4,
      "minPerf" : 2,
      "seed" : 1
    },
    "taskGenerator" : {
      "type" : "RandomTaskGen",
      "tasks" : 80,
      "maxArrivalTime" : 8000,
      "minExecTime" : 2000,
      "maxExecTime" : 4000,
      "seed" : 1
    }
  },
  "results" : [ {
    "clusterModel" : {
      "type" : "RoundRobin"
    },
    "result" : {
      "performanceMetrics" : {
        "average slowdown" : 0.9994172692025327,
        "min-max slowdown" : 1.0016406976846235,
        "average utilization" : 0.43400637159993066,
        "makespan" : 9492.0
      },
      "uniformityMetrics" : {
        "min-max utilization" : 0.43633243940457295,
        "coefficient of variation" : 0.25714002851115264,
        "standard deviation" : 0.11160041076722807,
        "Jain index" : 0.9379798403571982,
        "balancing efficiency" : 0.68149033446874
      },
      "history" : { }
    }
  }, {
    "clusterModel" : {
      "type" : "DynamicWRR",
      "maxWeight" : 3,
      "refreshTime" : 0
    },
    "result" : {
      "performanceMetrics" : {
        "average slowdown" : 0.9994386855914101,
        "min-max slowdown" : 1.0017897860230924,
        "average utilization" : 0.4377360011564081,
        "makespan" : 9301.0
      },
      "uniformityMetrics" : {
        "min-max utilization" : 0.45171745263870083,
        "coefficient of variation" : 0.19686914348873888,
        "standard deviation" : 0.08617671162184767,
        "Jain index" : 0.962688634100639,
        "balancing efficiency" : 0.688799047564805
      },
      "history" : { }
    }
  }, {
    "clusterModel" : {
      "type" : "Random"
    },
    "result" : {
      "performanceMetrics" : {
        "average slowdown" : 1.3852382585530794,
        "min-max slowdown" : 5.992197108595266,
        "average utilization" : 0.3419682965451352,
        "makespan" : 12056.0
      },
      "uniformityMetrics" : {
        "min-max utilization" : 0.05944802345007352,
        "coefficient of variation" : 0.5861584923368912,
        "standard deviation" : 0.20044762112991138,
        "Jain index" : 0.7442792216081991,
        "balancing efficiency" : 0.4037078749845038
      },
      "history" : { }
    }
  }, {
    "clusterModel" : {
      "type" : "MasterSlave"
    },
    "result" : {
      "performanceMetrics" : {
        "average slowdown" : 0.9993620727901199,
        "min-max slowdown" : 1.001695611260586,
        "average utilization" : 0.6146954237548666,
        "makespan" : 9321.0
      },
      "uniformityMetrics" : {
        "min-max utilization" : 0.49098211996255525,
        "coefficient of variation" : 0.20861795954169407,
        "standard deviation" : 0.12823650504335726,
        "Jain index" : 0.9582936671628424,
        "balancing efficiency" : 0.7581666005086519
      },
      "history" : { }
    }
  } ]
}, {
  "config" : {
    "servers" : {
      "type" : "RandomPerformance",
      "numberOfServers" : 20,
      "maxPerf" : 4,
      "minPerf" : 2,
      "seed" : 1
    },
    "taskGenerator" : {
      "type" : "RandomTaskGen",
      "tasks" : 320,
      "maxArrivalTime" : 8000,
      "minExecTime" : 2000,
      "maxExecTime" : 4000,
      "seed" : 1
    }
  },
  "results" : [ {
    "clusterModel" : {
      "type" : "RoundRobin"
    },
    "result" : {
      "performanceMetrics" : {
        "average slowdown" : 4.590983999650628,
        "min-max slowdown" : 12.52424245092906,
        "average utilization" : 0.6800722975475343,
        "makespan" : 24068.0
      },
      "uniformityMetrics" : {
        "min-max utilization" : 0.5092099351001045,
        "coefficient of variation" : 0.19713638131100733,
        "standard deviation" : 0.13406699176838355,
        "Jain index" : 0.9625910614946088,
        "balancing efficiency" : 0.6840192716540615
      },
      "history" : { }
    }
  }, {
    "clusterModel" : {
      "type" : "DynamicWRR",
      "maxWeight" : 3,
      "refreshTime" : 0
    },
    "result" : {
      "performanceMetrics" : {
        "average slowdown" : 4.571119778004803,
        "min-max slowdown" : 15.084296345882839,
        "average utilization" : 0.6842595019540749,
        "makespan" : 23954.0
      },
      "uniformityMetrics" : {
        "min-max utilization" : 0.491715104840058,
        "coefficient of variation" : 0.20257402318588652,
        "standard deviation" : 0.13861320021400794,
        "Jain index" : 0.9605813577902482,
        "balancing efficiency" : 0.6877848491444516
      },
      "history" : { }
    }
  }, {
    "clusterModel" : {
      "type" : "Random"
    },
    "result" : {
      "performanceMetrics" : {
        "average slowdown" : 5.492482193495713,
        "min-max slowdown" : 18.462741763991666,
        "average utilization" : 0.5615150444583576,
        "makespan" : 29690.0
      },
      "uniformityMetrics" : {
        "min-max utilization" : 0.2801817736563618,
        "coefficient of variation" : 0.35545594868862096,
        "standard deviation" : 0.19959386283087868,
        "Jain index" : 0.8878243429462296,
        "balancing efficiency" : 0.5651735389194308
      },
      "history" : { }
    }
  }, {
    "clusterModel" : {
      "type" : "MasterSlave"
    },
    "result" : {
      "performanceMetrics" : {
        "average slowdown" : 4.689580901629658,
        "min-max slowdown" : 13.36308871234024,
        "average utilization" : 0.9400804402557628,
        "makespan" : 16722.0
      },
      "uniformityMetrics" : {
        "min-max utilization" : 0.9193956564354187,
        "coefficient of variation" : 0.021061815419059545,
        "standard deviation" : 0.01979980071173511,
        "Jain index" : 0.9995565966250213,
        "balancing efficiency" : 0.9588713431800404
      },
      "history" : { }
    }
  } ]
}, {
  "config" : {
    "servers" : {
      "type" : "RandomPerformance",
      "numberOfServers" : 20,
      "maxPerf" : 4,
      "minPerf" : 2,
      "seed" : 1
    },
    "taskGenerator" : {
      "type" : "RandomTaskGen",
      "tasks" : 40,
      "maxArrivalTime" : 8000,
      "minExecTime" : 4000,
      "maxExecTime" : 8000,
      "seed" : 1
    }
  },
  "results" : [ {
    "clusterModel" : {
      "type" : "RoundRobin"
    },
    "result" : {
      "performanceMetrics" : {
        "average slowdown" : 0.9997324728126357,
        "min-max slowdown" : 1.0006839522511033,
        "average utilization" : 0.3949516827455636,
        "makespan" : 10577.0
      },
      "uniformityMetrics" : {
        "min-max utilization" : 0.40589274495031424,
        "coefficient of variation" : 0.2497035877442024,
        "standard deviation" : 0.09862085216717723,
        "Jain index" : 0.9413076939905707,
        "balancing efficiency" : 0.7037866338429504
      },
      "history" : { }
    }
  }, {
    "clusterModel" : {
      "type" : "DynamicWRR",
      "maxWeight" : 3,
      "refreshTime" : 0
    },
    "result" : {
      "performanceMetrics" : {
        "average slowdown" : 0.9997666641205875,
        "min-max slowdown" : 1.0006193921960598,
        "average utilization" : 0.3739896549436067,
        "makespan" : 11169.0
      },
      "uniformityMetrics" : {
        "min-max utilization" : 0.45255399834168686,
        "coefficient of variation" : 0.2414012859011984,
        "standard deviation" : 0.09028158361713214,
        "Jain index" : 0.9449343470115427,
        "balancing efficiency" : 0.7751092732802408
      },
      "history" : { }
    }
  }, {
    "clusterModel" : {
      "type" : "Random"
    },
    "result" : {
      "performanceMetrics" : {
        "average slowdown" : 1.2500877521075613,
        "min-max slowdown" : 2.3908597061463124,
        "average utilization" : 0.3209474871275198,
        "makespan" : 15469.0
      },
      "uniformityMetrics" : {
        "min-max utilization" : 0.17383100526509035,
        "coefficient of variation" : 0.49367912230698535,
        "standard deviation" : 0.15844507375174646,
        "Jain index" : 0.8040400918956111,
        "balancing efficiency" : 0.4952904485105671
      },
      "history" : { }
    }
  }, {
    "clusterModel" : {
      "type" : "MasterSlave"
    },
    "result" : {
      "performanceMetrics" : {
        "average slowdown" : 0.9997095747790921,
        "min-max slowdown" : 1.0008322032924715,
        "average utilization" : 0.6090546171836467,
        "makespan" : 10641.0
      },
      "uniformityMetrics" : {
        "min-max utilization" : 0.5044387432292843,
        "coefficient of variation" : 0.223744283910189,
        "standard deviation" : 0.13627248918394932,
        "Jain index" : 0.9523251691791251,
        "balancing efficiency" : 0.7288772923194463
      },
      "history" : { }
    }
  } ]
}, {
  "config" : {
    "servers" : {
      "type" : "RandomPerformance",
      "numberOfServers" : 20,
      "maxPerf" : 4,
      "minPerf" : 2,
      "seed" : 1
    },
    "taskGenerator" : {
      "type" : "RandomTaskGen",
      "tasks" : 160,
      "maxArrivalTime" : 8000,
      "minExecTime" : 4000,
      "maxExecTime" : 8000,
      "seed" : 1
    }
  },
  "results" : [ {
    "clusterModel" : {
      "type" : "RoundRobin"
    },
    "result" : {
      "performanceMetrics" : {
        "average slowdown" : 2.659841302322466,
        "min-max slowdown" : 7.016559937167942,
        "average utilization" : 0.6469029478897607,
        "makespan" : 25765.0
      },
      "uniformityMetrics" : {
        "min-max utilization" : 0.39468633758758537,
        "coefficient of variation" : 0.23072450486299295,
        "standard deviation" : 0.14925636234627557,
        "Jain index" : 0.9494568088409139,
        "balancing efficiency" : 0.6537272847797896
      },
      "history" : { }
    }
  }, {
    "clusterModel" : {
      "type" : "DynamicWRR",
      "maxWeight" : 3,
      "refreshTime" : 0
    },
    "result" : {
      "performanceMetrics" : {
        "average slowdown" : 2.6651720234260914,
        "min-max slowdown" : 7.342828785900817,
        "average utilization" : 0.7275793511367319,
        "makespan" : 22857.0
      },
      "uniformityMetrics" : {
        "min-max utilization" : 0.4499270584379434,
        "coefficient of variation" : 0.21776764045482294,
        "standard deviation" : 0.1584432385406972,
        "Jain index" : 0.9547243503683116,
        "balancing efficiency" : 0.7396998978930385
      },
      "history" : { }
    }
  }, {
    "clusterModel" : {
      "type" : "Random"
    },
    "result" : {
      "performanceMetrics" : {
        "average slowdown" : 3.448096468424262,
        "min-max slowdown" : 13.198928924990888,
        "average utilization" : 0.3813488991475088,
        "makespan" : 44767.0
      },
      "uniformityMetrics" : {
        "min-max utilization" : 0.125190475140539,
        "coefficient of variation" : 0.5356153398740502,
        "standard deviation" : 0.20425632022748783,
        "Jain index" : 0.777070941429928,
        "balancing efficiency" : 0.3850262718739445
      },
      "history" : { }
    }
  }, {
    "clusterModel" : {
      "type" : "MasterSlave"
    },
    "result" : {
      "performanceMetrics" : {
        "average slowdown" : 2.72648104089956,
        "min-max slowdown" : 7.008423451086213,
        "average utilization" : 0.8796363501790492,
        "makespan" : 18128.0
      },
      "uniformityMetrics" : {
        "min-max utilization" : 0.8257580940605063,
        "coefficient of variation" : 0.05071268083566817,
        "standard deviation" : 0.04460871747808216,
        "Jain index" : 0.9974348210680664,
        "balancing efficiency" : 0.8928235419231514
      },
      "history" : { }
    }
  } ]
}, {
  "config" : {
    "servers" : {
      "type" : "RandomPerformance",
      "numberOfServers" : 20,
      "maxPerf" : 4,
      "minPerf" : 2,
      "seed" : 1
    },
    "taskGenerator" : {
      "type" : "RandomTaskGen",
      "tasks" : 80,
      "maxArrivalTime" : 8000,
      "minExecTime" : 3000,
      "maxExecTime" : 3000,
      "seed" : 1
    }
  },
  "results" : [ {
    "clusterModel" : {
      "type" : "RoundRobin"
    },
    "result" : {
      "performanceMetrics" : {
        "average slowdown" : 0.999560504017287,
        "min-max slowdown" : 1.0011179771876737,
        "average utilization" : 0.44982499762634304,
        "makespan" : 9235.0
      },
      "uniformityMetrics" : {
        "min-max utilization" : 0.5113018222672797,
        "coefficient of variation" : 0.21152715898186164,
        "standard deviation" : 0.095150203786923,
        "Jain index" : 0.9571725224883142,
        "balancing efficiency" : 0.6965909078358221
      },
      "history" : { }
    }
  }, {
    "clusterModel" : {
      "type" : "DynamicWRR",
      "maxWeight" : 3,
      "refreshTime" : 0
    },
    "result" : {
      "performanceMetrics" : {
        "average slowdown" : 0.999560504017287,
        "min-max slowdown" : 1.0011179771876737,
        "average utilization" : 0.4518801102011616,
        "makespan" : 9193.0
      },
      "uniformityMetrics" : {
        "min-max utilization" : 0.5113018222672797,
        "coefficient of variation" : 0.21152715898186164,
        "standard deviation" : 0.09558491591126227,
        "Jain index" : 0.9571725224883142,
        "balancing efficiency" : 0.6965909078358222
      },
      "history" : { }
    }
  }, {
    "clusterModel" : {
      "type" : "Random"
    },
    "result" : {
      "performanceMetrics" : {
        "average slowdown" : 1.4019975521144068,
        "min-max slowdown" : 4.324166444058309,
        "average utilization" : 0.3429634521363586,
        "makespan" : 12163.0
      },
      "uniformityMetrics" : {
        "min-max utilization" : 0.07464492995490205,
        "coefficient of variation" : 0.5702341086349103,
        "standard deviation" : 0.19556945842332818,
        "Jain index" : 0.7546219052357646,
        "balancing efficiency" : 0.402110712739047
      },
      "history" : { }
    }
  }, {
    "clusterModel" : {
      "type" : "MasterSlave"
    },
    "result" : {
      "performanceMetrics" : {
        "average slowdown" : 0.9994901144746562,
        "min-max slowdown" : 1.0011179771876737,
        "average utilization" : 0.6615673625987591,
        "makespan" : 9046.0
      },
      "uniformityMetrics" : {
        "min-max utilization" : 0.4086221018332414,
        "coefficient of variation" : 0.24051985968379924,
        "standard deviation" : 0.1591200892236347,
        "Jain index" : 0.9453137839194206,
        "balancing efficiency" : 0.7032235591659655
      },
      "history" : { }
    }
  } ]
}, {
  "config" : {
    "servers" : {
      "type" : "RandomPerformance",
      "numberOfServers" : 20,
      "maxPerf" : 4,
      "minPerf" : 2,
      "seed" : 1
    },
    "taskGenerator" : {
      "type" : "RandomTaskGen",
      "tasks" : 320,
      "maxArrivalTime" : 8000,
      "minExecTime" : 3000,
      "maxExecTime" : 3000,
      "seed" : 1
    }
  },
  "results" : [ {
    "clusterModel" : {
      "type" : "RoundRobin"
    },
    "result" : {
      "performanceMetrics" : {
        "average slowdown" : 4.491912319884026,
        "min-max slowdown" : 10.907219954169411,
        "average utilization" : 0.6927308714018889,
        "makespan" : 23987.0
      },
      "uniformityMetrics" : {
        "min-max utilization" : 0.5113018222672797,
        "coefficient of variation" : 0.21152715898186167,
        "standard deviation" : 0.14653139316667094,
        "Jain index" : 0.9571725224883141,
        "balancing efficiency" : 0.6965909078358221
      },
      "history" : { }
    }
  }, {
    "clusterModel" : {
      "type" : "DynamicWRR",
      "maxWeight" : 3,
      "refreshTime" : 0
    },
    "result" : {
      "performanceMetrics" : {
        "average slowdown" : 4.491125641244473,
        "min-max slowdown" : 10.903190937379101,
        "average utilization" : 0.6931932506911316,
        "makespan" : 23971.0
      },
      "uniformityMetrics" : {
        "min-max utilization" : 0.5113018222672798,
        "coefficient of variation" : 0.21152715898186156,
        "standard deviation" : 0.1466291989440964,
        "Jain index" : 0.9571725224883144,
        "balancing efficiency" : 0.6965909078358223
      },
      "history" : { }
    }
  }, {
    "clusterModel" : {
      "type" : "Random"
    },
    "result" : {
      "performanceMetrics" : {
        "average slowdown" : 5.366345436038077,
        "min-max slowdown" : 19.039181980259166,
        "average utilization" : 0.5176501032057637,
        "makespan" : 32604.0
      },
      "uniformityMetrics" : {
        "min-max utilization" : 0.25865435312029433,
        "coefficient of variation" : 0.36375654598260804,
        "standard deviation" : 0.18829861356966918,
        "Jain index" : 0.8831434911673639,
        "balancing efficiency" : 0.5206121056567112
      },
      "history" : { }
    }
  }, {
    "clusterModel" : {
      "type" : "MasterSlave"
    },
    "result" : {
      "performanceMetrics" : {
        "average slowdown" : 4.648969860804798,
        "min-max slowdown" : 10.936108458009105,
        "average utilization" : 0.9610474770306316,
        "makespan" : 16537.0
      },
      "uniformityMetrics" : {
        "min-max utilization" : 0.9253969215339504,
        "coefficient of variation" : 0.022800803857406342,
        "standard deviation" : 0.02191265502143066,
        "Jain index" : 0.9994803934747593,
        "balancing efficiency" : 0.9652131167385785
      },
      "history" : { }
    }
  } ]
}, {
  "config" : {
    "servers" : {
      "type" : "RandomPerformance",
      "numberOfServers" : 20,
      "maxPerf" : 4,
      "minPerf" : 2,
      "seed" : 1
    },
    "taskGenerator" : {
      "type" : "RandomTaskGen",
      "tasks" : 40,
      "maxArrivalTime" : 8000,
      "minExecTime" : 6000,
      "maxExecTime" : 6000,
      "seed" : 1
    }
  },
  "results" : [ {
    "clusterModel" : {
      "type" : "RoundRobin"
    },
    "result" : {
      "performanceMetrics" : {
        "average slowdown" : 0.9997799006107243,
        "min-max slowdown" : 1.0004623662006484,
        "average utilization" : 0.39371944394647684,
        "makespan" : 10551.0
      },
      "uniformityMetrics" : {
        "min-max utilization" : 0.5113018222672798,
        "coefficient of variation" : 0.21152715898186164,
        "standard deviation" : 0.08328235541391657,
        "Jain index" : 0.9571725224883135,
        "balancing efficiency" : 0.6965909078358221
      },
      "history" : { }
    }
  }, {
    "clusterModel" : {
      "type" : "DynamicWRR",
      "maxWeight" : 3,
      "refreshTime" : 0
    },
    "result" : {
      "performanceMetrics" : {
        "average slowdown" : 0.9997799006107243,
        "min-max slowdown" : 1.0004623662006484,
        "average utilization" : 0.40035985476862745,
        "makespan" : 10376.0
      },
      "uniformityMetrics" : {
        "min-max utilization" : 0.5113018222672797,
        "coefficient of variation" : 0.21152715898186158,
        "standard deviation" : 0.08468698264959848,
        "Jain index" : 0.9571725224883142,
        "balancing efficiency" : 0.6965909078358222
      },
      "history" : { }
    }
  }, {
    "clusterModel" : {
      "type" : "Random"
    },
    "result" : {
      "performanceMetrics" : {
        "average slowdown" : 1.271275016426633,
        "min-max slowdown" : 2.68825530313385,
        "average utilization" : 0.31474993180758865,
        "makespan" : 15666.0
      },
      "uniformityMetrics" : {
        "min-max utilization" : 0.15586778831218492,
        "coefficient of variation" : 0.486949425618676,
        "standard deviation" : 0.15326729850722273,
        "Jain index" : 0.8083291900958647,
        "balancing efficiency" : 0.49625731803051887
      },
      "history" : { }
    }
  }, {
    "clusterModel" : {
      "type" : "MasterSlave"
    },
    "result" : {
      "performanceMetrics" : {
        "average slowdown" : 0.9997332948297997,
        "min-max slowdown" : 1.0004623662006484,
        "average utilization" : 0.6106662572202818,
        "makespan" : 10502.0
      },
      "uniformityMetrics" : {
        "min-max utilization" : 0.4977631272019689,
        "coefficient of variation" : 0.20503234873925033,
        "standard deviation" : 0.12520633701368156,
        "Jain index" : 0.9596576579952328,
        "balancing efficiency" : 0.7169386500922386
      },
      "history" : { }
    }
  } ]
}, {
  "config" : {
    "servers" : {
      "type" : "RandomPerformance",
      "numberOfServers" : 20,
      "maxPerf" : 4,
      "minPerf" : 2,
      "seed" : 1
    },
    "taskGenerator" : {
      "type" : "RandomTaskGen",
      "tasks" : 160,
      "maxArrivalTime" : 8000,
      "minExecTime" : 6000,
      "maxExecTime" : 6000,
      "seed" : 1
    }
  },
  "results" : [ {
    "clusterModel" : {
      "type" : "RoundRobin"
    },
    "result" : {
      "performanceMetrics" : {
        "average slowdown" : 2.667441788059917,
        "min-max slowdown" : 5.585593258440779,
        "average utilization" : 0.6889110867461488,
        "makespan" : 24120.0
      },
      "uniformityMetrics" : {
        "min-max utilization" : 0.5113018222672798,
        "coefficient of variation" : 0.21152715898186164,
        "standard deviation" : 0.1457234049705197,
        "Jain index" : 0.9571725224883139,
        "balancing efficiency" : 0.696590907835822
      },
      "history" : { }
    }
  }, {
    "clusterModel" : {
      "type" : "DynamicWRR",
      "maxWeight" : 3,
      "refreshTime" : 0
    },
    "result" : {
      "performanceMetrics" : {
        "average slowdown" : 2.668388721411644,
        "min-max slowdown" : 5.575862844282385,
        "average utilization" : 0.6900554573221392,
        "makespan" : 24080.0
      },
      "uniformityMetrics" : {
        "min-max utilization" : 0.5113018222672798,
        "coefficient of variation" : 0.2115271589818616,
        "standard deviation" : 0.14596547042728136,
        "Jain index" : 0.9571725224883142,
        "balancing efficiency" : 0.6965909078358222
      },
      "history" : { }
    }
  }, {
    "clusterModel" : {
      "type" : "Random"
    },
    "result" : {
      "performanceMetrics" : {
        "average slowdown" : 3.5165799028371785,
        "min-max slowdown" : 13.17851244432422,
        "average utilization" : 0.4063527229031557,
        "makespan" : 41922.0
      },
      "uniformityMetrics" : {
        "min-max utilization" : 0.1492898599098041,
        "coefficient of variation" : 0.5025609020467604,
        "standard deviation" : 0.20421699097136722,
        "Jain index" : 0.7983601935400693,
        "balancing efficiency" : 0.41052751582708796
      },
      "history" : { }
    }
  }, {
    "clusterModel" : {
      "type" : "MasterSlave"
    },
    "result" : {
      "performanceMetrics" : {
        "average slowdown" : 2.7236268627743927,
        "min-max slowdown" : 5.276531436303107,
        "average utilization" : 0.8803128710565767,
        "makespan" : 18158.0
      },
      "uniformityMetrics" : {
        "min-max utilization" : 0.8516917989601552,
        "coefficient of variation" : 0.04812246124471502,
        "standard deviation" : 0.042362822020643925,
        "Jain index" : 0.9976895791300373,
        "balancing efficiency" : 0.8934723647310409
      },
      "history" : { }
    }
  } ]
}, {
  "config" : {
    "servers" : {
      "type" : "RandomPerformance",
      "numberOfServers" : 20,
      "maxPerf" : 3,
      "minPerf" : 3,
      "seed" : 1
    },
    "taskGenerator" : {
      "type" : "RandomTaskGen",
      "tasks" : 80,
      "maxArrivalTime" : 8000,
      "minExecTime" : 2000,
      "maxExecTime" : 4000,
      "seed" : 1
    }
  },
  "results" : [ {
    "clusterModel" : {
      "type" : "RoundRobin"
    },
    "result" : {
      "performanceMetrics" : {
        "average slowdown" : 0.9996315359280153,
        "min-max slowdown" : 1.0009620009620008,
        "average utilization" : 0.43686014372581533,
        "makespan" : 9045.0
      },
      "uniformityMetrics" : {
        "min-max utilization" : 0.6566321058276725,
        "coefficient of variation" : 0.09734311947740142,
        "standard deviation" : 0.0425253291656168,
        "Jain index" : 0.9906132628353364,
        "balancing efficiency" : 0.8476367536646406
      },
      "history" : { }
    }
  }, {
    "clusterModel" : {
      "type" : "DynamicWRR",
      "maxWeight" : 3,
      "refreshTime" : 0
    },
    "result" : {
      "performanceMetrics" : {
        "average slowdown" : 0.9996315359280153,
        "min-max slowdown" : 1.0009620009620008,
        "average utilization" : 0.43686014372581533,
        "makespan" : 9045.0
      },
      "uniformityMetrics" : {
        "min-max utilization" : 0.6566321058276725,
        "coefficient of variation" : 0.0973431194774014,
        "standard deviation" : 0.04252532916561679,
        "Jain index" : 0.9906132628353364,
        "balancing efficiency" : 0.8476367536646406
      },
      "history" : { }
    }
  }, {
    "clusterModel" : {
      "type" : "Random"
    },
    "result" : {
      "performanceMetrics" : {
        "average slowdown" : 1.3449806725495264,
        "min-max slowdown" : 5.900805749648451,
        "average utilization" : 0.33999311650318376,
        "makespan" : 11622.0
      },
      "uniformityMetrics" : {
        "min-max utilization" : 0.09955134174214848,
        "coefficient of variation" : 0.5247370730257763,
        "standard deviation" : 0.17840699280279243,
        "Jain index" : 0.7840991001578481,
        "balancing efficiency" : 0.5017438415305174
      },
      "history" : { }
    }
  }, {
    "clusterModel" : {
      "type" : "MasterSlave"
    },
    "result" : {
      "performanceMetrics" : {
        "average slowdown" : 0.9996315359280153,
        "min-max slowdown" : 1.0009620009620008,
        "average utilization" : 0.6240859196083076,
        "makespan" : 9045.0
      },
      "uniformityMetrics" : {
        "min-max utilization" : 0.29322173435784854,
        "coefficient of variation" : 0.24162061867652426,
        "standard deviation" : 0.15079202600306688,
        "Jain index" : 0.9448397602936257,
        "balancing efficiency" : 0.7745413203700799
      },
      "history" : { }
    }
  } ]
}, {
  "config" : {
    "servers" : {
      "type" : "RandomPerformance",
      "numberOfServers" : 20,
      "maxPerf" : 3,
      "minPerf" : 3,
      "seed" : 1
    },
    "taskGenerator" : {
      "type" : "RandomTaskGen",
      "tasks" : 320,
      "maxArrivalTime" : 8000,
      "minExecTime" : 2000,
      "maxExecTime" : 4000,
      "seed" : 1
    }
  },
  "results" : [ {
    "clusterModel" : {
      "type" : "RoundRobin"
    },
    "result" : {
      "performanceMetrics" : {
        "average slowdown" : 4.591176890328759,
        "min-max slowdown" : 11.609569516777638,
        "average utilization" : 0.8685843621399176,
        "makespan" : 18225.0
      },
      "uniformityMetrics" : {
        "min-max utilization" : 0.835621247113164,
        "coefficient of variation" : 0.04477764172027807,
        "standard deviation" : 0.03889315937173749,
        "Jain index" : 0.9979989749316663,
        "balancing efficiency" : 0.877410623556582
      },
      "history" : { }
    }
  }, {
    "clusterModel" : {
      "type" : "DynamicWRR",
      "maxWeight" : 3,
      "refreshTime" : 0
    },
    "result" : {
      "performanceMetrics" : {
        "average slowdown" : 4.591176890328761,
        "min-max slowdown" : 11.609569516777638,
        "average utilization" : 0.8685843621399177,
        "makespan" : 18225.0
      },
      "uniformityMetrics" : {
        "min-max utilization" : 0.835621247113164,
        "coefficient of variation" : 0.044777641720278066,
        "standard deviation" : 0.03889315937173749,
        "Jain index" : 0.9979989749316667,
        "balancing efficiency" : 0.8774106235565821
      },
      "history" : { }
    }
  }, {
    "clusterModel" : {
      "type" : "Random"
    },
    "result" : {
      "performanceMetrics" : {
        "average slowdown" : 5.404774199102355,
        "min-max slowdown" : 17.012014040664948,
        "average utilization" : 0.6899385460251046,
        "makespan" : 22944.0
      },
      "uniformityMetrics" : {
        "min-max utilization" : 0.4266518177688554,
        "coefficient of variation" : 0.2395505138712139,
        "standard deviation" : 0.16527513323987197,
        "Jain index" : 0.9457298158992851,
        "balancing efficiency" : 0.6958933516990754
      },
      "history" : { }
    }
  }, {
    "clusterModel" : {
      "type" : "MasterSlave"
    },
    "result" : {
      "performanceMetrics" : {
        "average slowdown" : 4.572518405846836,
        "min-max slowdown" : 11.500393811533053,
        "average utilization" : 0.9582294188861985,
        "makespan" : 16520.0
      },
      "uniformityMetrics" : {
        "min-max utilization" : 0.9295700128202519,
        "coefficient of variation" : 0.019216541389333614,
        "standard deviation" : 0.01841385528850373,
        "Jain index" : 0.9996308608510622,
        "balancing efficiency" : 0.9663997476648826
      },
      "history" : { }
    }
  } ]
}, {
  "config" : {
    "servers" : {
      "type" : "RandomPerformance",
      "numberOfServers" : 20,
      "maxPerf" : 3,
      "minPerf" : 3,
      "seed" : 1
    },
    "taskGenerator" : {
      "type" : "RandomTaskGen",
      "tasks" : 40,
      "maxArrivalTime" : 8000,
      "minExecTime" : 4000,
      "maxExecTime" : 8000,
      "seed" : 1
    }
  },
  "results" : [ {
    "clusterModel" : {
      "type" : "RoundRobin"
    },
    "result" : {
      "performanceMetrics" : {
        "average slowdown" : 0.9998479258372915,
        "min-max slowdown" : 1.0004198152812762,
        "average utilization" : 0.3890918462678393,
        "makespan" : 10347.0
      },
      "uniformityMetrics" : {
        "min-max utilization" : 0.5864540765056608,
        "coefficient of variation" : 0.1500827287312034,
        "standard deviation" : 0.05839596601493923,
        "Jain index" : 0.9779713656798545,
        "balancing efficiency" : 0.809124405439807
      },
      "history" : { }
    }
  }, {
    "clusterModel" : {
      "type" : "DynamicWRR",
      "maxWeight" : 3,
      "refreshTime" : 0
    },
    "result" : {
      "performanceMetrics" : {
        "average slowdown" : 0.9998479258372918,
        "min-max slowdown" : 1.0004198152812762,
        "average utilization" : 0.3890918462678393,
        "makespan" : 10347.0
      },
      "uniformityMetrics" : {
        "min-max utilization" : 0.5864540765056608,
        "coefficient of variation" : 0.15008272873120343,
        "standard deviation" : 0.05839596601493924,
        "Jain index" : 0.9779713656798545,
        "balancing efficiency" : 0.809124405439807
      },
      "history" : { }
    }
  }, {
    "clusterModel" : {
      "type" : "Random"
    },
    "result" : {
      "performanceMetrics" : {
        "average slowdown" : 1.2336596189918734,
        "min-max slowdown" : 2.4062821569369888,
        "average utilization" : 0.3762027130153094,
        "makespan" : 12590.0
      },
      "uniformityMetrics" : {
        "min-max utilization" : 0.193953411531472,
        "coefficient of variation" : 0.4364135467779466,
        "standard deviation" : 0.16417996029449713,
        "Jain index" : 0.8400136935659688,
        "balancing efficiency" : 0.5868650450432941
      },
      "history" : { }
    }
  }, {
    "clusterModel" : {
      "type" : "MasterSlave"
    },
    "result" : {
      "performanceMetrics" : {
        "average slowdown" : 0.9998479258372915,
        "min-max slowdown" : 1.0004198152812762,
        "average utilization" : 0.6484864104463988,
        "makespan" : 10347.0
      },
      "uniformityMetrics" : {
        "min-max utilization" : 0.377254338538319,
        "coefficient of variation" : 0.24396666257002778,
        "standard deviation" : 0.1582090652786251,
        "Jain index" : 0.9438238565805884,
        "balancing efficiency" : 0.7610747728332513
      },
      "history" : { }
    }
  } ]
}, {
  "config" : {
    "servers" : {
      "type" : "RandomPerformance",
      "numberOfServers" : 20,
      "maxPerf" : 3,
      "minPerf" : 3,
      "seed" : 1
    },
    "taskGenerator" : {
      "type" : "RandomTaskGen",
      "tasks" : 160,
      "maxArrivalTime" : 8000,
      "minExecTime" : 4000,
      "maxExecTime" : 8000,
      "seed" : 1
    }
  },
  "results" : [ {
    "clusterModel" : {
      "type" : "RoundRobin"
    },
    "result" : {
      "performanceMetrics" : {
        "average slowdown" : 2.6792342613124296,
        "min-max slowdown" : 6.278953020371697,
        "average utilization" : 0.908995265151515,
        "makespan" : 17600.0
      },
      "uniformityMetrics" : {
        "min-max utilization" : 0.763858568532668,
        "coefficient of variation" : 0.057863978915575064,
        "standard deviation" : 0.052598082857084824,
        "Jain index" : 0.9966629332446372,
        "balancing efficiency" : 0.9355011305161389
      },
      "history" : { }
    }
  }, {
    "clusterModel" : {
      "type" : "DynamicWRR",
      "maxWeight" : 3,
      "refreshTime" : 0
    },
    "result" : {
      "performanceMetrics" : {
        "average slowdown" : 2.6792342613124287,
        "min-max slowdown" : 6.278953020371697,
        "average utilization" : 0.9089952651515152,
        "makespan" : 17600.0
      },
      "uniformityMetrics" : {
        "min-max utilization" : 0.763858568532668,
        "coefficient of variation" : 0.05786397891557506,
        "standard deviation" : 0.05259808285708483,
        "Jain index" : 0.9966629332446375,
        "balancing efficiency" : 0.9355011305161391
      },
      "history" : { }
    }
  }, {
    "clusterModel" : {
      "type" : "Random"
    },
    "result" : {
      "performanceMetrics" : {
        "average slowdown" : 3.400173450821792,
        "min-max slowdown" : 12.41925378243308,
        "average utilization" : 0.4620852829607379,
        "makespan" : 34622.0
      },
      "uniformityMetrics" : {
        "min-max utilization" : 0.20260482164965538,
        "coefficient of variation" : 0.40005177445283113,
        "standard deviation" : 0.18485803739698178,
        "Jain index" : 0.8620381831422627,
        "balancing efficiency" : 0.46788280252293357
      },
      "history" : { }
    }
  }, {
    "clusterModel" : {
      "type" : "MasterSlave"
    },
    "result" : {
      "performanceMetrics" : {
        "average slowdown" : 2.660175752722531,
        "min-max slowdown" : 5.872065384180517,
        "average utilization" : 0.9165988694091135,
        "makespan" : 17454.0
      },
      "uniformityMetrics" : {
        "min-max utilization" : 0.8576506955177743,
        "coefficient of variation" : 0.04325636802602557,
        "standard deviation" : 0.039648738027399565,
        "Jain index" : 0.9981323811518032,
        "balancing efficiency" : 0.9272594667697063
      },
      "history" : { }
    }
  } ]
}, {
  "config" : {
    "servers" : {
      "type" : "RandomPerformance",
      "numberOfServers" : 20,
      "maxPerf" : 3,
      "minPerf" : 3,
      "seed" : 1
    },
    "taskGenerator" : {
      "type" : "RandomTaskGen",
      "tasks" : 80,
      "maxArrivalTime" : 8000,
      "minExecTime" : 3000,
      "maxExecTime" : 3000,
      "seed" : 1
    }
  },
  "results" : [ {
    "clusterModel" : {
      "type" : "RoundRobin"
    },
    "result" : {
      "performanceMetrics" : {
        "average slowdown" : 1.0,
        "min-max slowdown" : 1.0,
        "average utilization" : 0.44848077138692677,
        "makespan" : 8919.0
      },
      "uniformityMetrics" : {
        "min-max utilization" : 1.0,
        "coefficient of variation" : 0.0,
        "standard deviation" : 0.0,
        "Jain index" : 0.9999999999999997,
        "balancing efficiency" : 1.0
      },
      "history" : { }
    }
  }, {
    "clusterModel" : {
      "type" : "DynamicWRR",
      "maxWeight" : 3,
      "refreshTime" : 0
    },
    "result" : {
      "performanceMetrics" : {
        "average slowdown" : 1.0,
        "min-max slowdown" : 1.0,
        "average utilization" : 0.44848077138692677,
        "makespan" : 8919.0
      },
      "uniformityMetrics" : {
        "min-max utilization" : 1.0,
        "coefficient of variation" : 0.0,
        "standard deviation" : 0.0,
        "Jain index" : 0.9999999999999997,
        "balancing efficiency" : 1.0
      },
      "history" : { }
    }
  }, {
    "clusterModel" : {
      "type" : "Random"
    },
    "result" : {
      "performanceMetrics" : {
        "average slowdown" : 1.3569374999999997,
        "min-max slowdown" : 4.261,
        "average utilization" : 0.34120958798942247,
        "makespan" : 11723.0
      },
      "uniformityMetrics" : {
        "min-max utilization" : 0.125,
        "coefficient of variation" : 0.51234753829798,
        "standard deviation" : 0.1748178924500486,
        "Jain index" : 0.7920792079207917,
        "balancing efficiency" : 0.49999999999999994
      },
      "history" : { }
    }
  }, {
    "clusterModel" : {
      "type" : "MasterSlave"
    },
    "result" : {
      "performanceMetrics" : {
        "average slowdown" : 1.0,
        "min-max slowdown" : 1.0,
        "average utilization" : 0.6406868162670384,
        "makespan" : 8919.0
      },
      "uniformityMetrics" : {
        "min-max utilization" : 0.2857142857142857,
        "coefficient of variation" : 0.2512468905280222,
        "standard deviation" : 0.16097057038939167,
        "Jain index" : 0.9406231628453856,
        "balancing efficiency" : 0.816326530612245
      },
      "history" : { }
    }
  } ]
}, {
  "config" : {
    "servers" : {
      "type" : "RandomPerformance",
      "numberOfServers" : 20,
      "maxPerf" : 3,
      "minPerf" : 3,
      "seed" : 1
    },
    "taskGenerator" : {
      "type" : "RandomTaskGen",
      "tasks" : 320,
      "maxArrivalTime" : 8000,
      "minExecTime" : 3000,
      "maxExecTime" : 3000,
      "seed" : 1
    }
  },
  "results" : [ {
    "clusterModel" : {
      "type" : "RoundRobin"
    },
    "result" : {
      "performanceMetrics" : {
        "average slowdown" : 4.5209375000000005,
        "min-max slowdown" : 8.501,
        "average utilization" : 0.9735913350371181,
        "makespan" : 16434.0
      },
      "uniformityMetrics" : {
        "min-max utilization" : 1.0,
        "coefficient of variation" : 0.0,
        "standard deviation" : 0.0,
        "Jain index" : 0.9999999999999998,
        "balancing efficiency" : 1.0
      },
      "history" : { }
    }
  }, {
    "clusterModel" : {
      "type" : "DynamicWRR",
      "maxWeight" : 3,
      "refreshTime" : 0
    },
    "result" : {
      "performanceMetrics" : {
        "average slowdown" : 4.520937500000001,
        "min-max slowdown" : 8.501,
        "average utilization" : 0.9735913350371181,
        "makespan" : 16434.0
      },
      "uniformityMetrics" : {
        "min-max utilization" : 1.0,
        "coefficient of variation" : 0.0,
        "standard deviation" : 0.0,
        "Jain index" : 0.9999999999999998,
        "balancing efficiency" : 1.0
      },
      "history" : { }
    }
  }, {
    "clusterModel" : {
      "type" : "Random"
    },
    "result" : {
      "performanceMetrics" : {
        "average slowdown" : 5.3057093749999975,
        "min-max slowdown" : 17.261,
        "average utilization" : 0.6348198698619266,
        "makespan" : 25204.0
      },
      "uniformityMetrics" : {
        "min-max utilization" : 0.39999999999999997,
        "coefficient of variation" : 0.23717082451262841,
        "standard deviation" : 0.1505607519521526,
        "Jain index" : 0.9467455621301774,
        "balancing efficiency" : 0.64
      },
      "history" : { }
    }
  }, {
    "clusterModel" : {
      "type" : "MasterSlave"
    },
    "result" : {
      "performanceMetrics" : {
        "average slowdown" : 4.5209375000000005,
        "min-max slowdown" : 8.501,
        "average utilization" : 0.9735913350371181,
        "makespan" : 16434.0
      },
      "uniformityMetrics" : {
        "min-max utilization" : 1.0,
        "coefficient of variation" : 0.0,
        "standard deviation" : 0.0,
        "Jain index" : 0.9999999999999998,
        "balancing efficiency" : 1.0
      },
      "history" : { }
    }
  } ]
}, {
  "config" : {
    "servers" : {
      "type" : "RandomPerformance",
      "numberOfServers" : 20,
      "maxPerf" : 3,
      "minPerf" : 3,
      "seed" : 1
    },
    "taskGenerator" : {
      "type" : "RandomTaskGen",
      "tasks" : 40,
      "maxArrivalTime" : 8000,
      "minExecTime" : 6000,
      "maxExecTime" : 6000,
      "seed" : 1
    }
  },
  "results" : [ {
    "clusterModel" : {
      "type" : "RoundRobin"
    },
    "result" : {
      "performanceMetrics" : {
        "average slowdown" : 1.0,
        "min-max slowdown" : 1.0,
        "average utilization" : 0.4032664583123299,
        "makespan" : 9919.0
      },
      "uniformityMetrics" : {
        "min-max utilization" : 1.0,
        "coefficient of variation" : 0.0,
        "standard deviation" : 0.0,
        "Jain index" : 0.9999999999999994,
        "balancing efficiency" : 1.0
      },
      "history" : { }
    }
  }, {
    "clusterModel" : {
      "type" : "DynamicWRR",
      "maxWeight" : 3,
      "refreshTime" : 0
    },
    "result" : {
      "performanceMetrics" : {
        "average slowdown" : 1.0,
        "min-max slowdown" : 1.0,
        "average utilization" : 0.4032664583123299,
        "makespan" : 9919.0
      },
      "uniformityMetrics" : {
        "min-max utilization" : 1.0,
        "coefficient of variation" : 0.0,
        "standard deviation" : 0.0,
        "Jain index" : 0.9999999999999994,
        "balancing efficiency" : 1.0
      },
      "history" : { }
    }
  }, {
    "clusterModel" : {
      "type" : "Random"
    },
    "result" : {
      "performanceMetrics" : {
        "average slowdown" : 1.2577000000000003,
        "min-max slowdown" : 2.5345,
        "average utilization" : 0.36987207049761667,
        "makespan" : 12723.0
      },
      "uniformityMetrics" : {
        "min-max utilization" : 0.25,
        "coefficient of variation" : 0.43588989435406733,
        "standard deviation" : 0.16122349773372627,
        "Jain index" : 0.8403361344537814,
        "balancing efficiency" : 0.5882352941176472
      },
      "history" : { }
    }
  }, {
    "clusterModel" : {
      "type" : "MasterSlave"
    },
    "result" : {
      "performanceMetrics" : {
        "average slowdown" : 1.0,
        "min-max slowdown" : 1.0,
        "average utilization" : 0.6204099358651228,
        "makespan" : 9919.0
      },
      "uniformityMetrics" : {
        "min-max utilization" : 0.25,
        "coefficient of variation" : 0.2979093821953247,
        "standard deviation" : 0.18482594070141975,
        "Jain index" : 0.9184845005740526,
        "balancing efficiency" : 0.7692307692307692
      },
      "history" : { }
    }
  } ]
}, {
  "config" : {
    "servers" : {
      "type" : "RandomPerformance",
      "numberOfServers" : 20,
      "maxPerf" : 3,
      "minPerf" : 3,
      "seed" : 1
    },
    "taskGenerator" : {
      "type" : "RandomTaskGen",
      "tasks" : 160,
      "maxArrivalTime" : 8000,
      "minExecTime" : 6000,
      "maxExecTime" : 6000,
      "seed" : 1
    }
  },
  "results" : [ {
    "clusterModel" : {
      "type" : "RoundRobin"
    },
    "result" : {
      "performanceMetrics" : {
        "average slowdown" : 2.6812781250000013,
        "min-max slowdown" : 4.528,
        "average utilization" : 0.9425625920471281,
        "makespan" : 16975.0
      },
      "uniformityMetrics" : {
        "min-max utilization" : 1.0,
        "coefficient of variation" : 0.0,
        "standard deviation" : 0.0,
        "Jain index" : 1.0000000000000004,
        "balancing efficiency" : 1.0
      },
      "history" : { }
    }
  }, {
    "clusterModel" : {
      "type" : "DynamicWRR",
      "maxWeight" : 3,
      "refreshTime" : 0
    },
    "result" : {
      "performanceMetrics" : {
        "average slowdown" : 2.6812781250000004,
        "min-max slowdown" : 4.528,
        "average utilization" : 0.9425625920471281,
        "makespan" : 16975.0
      },
      "uniformityMetrics" : {
        "min-max utilization" : 1.0,
        "coefficient of variation" : 0.0,
        "standard deviation" : 0.0,
        "Jain index" : 1.0000000000000004,
        "balancing efficiency" : 1.0
      },
      "history" : { }
    }
  }, {
    "clusterModel" : {
      "type" : "Random"
    },
    "result" : {
      "performanceMetrics" : {
        "average slowdown" : 3.4625031250000022,
        "min-max slowdown" : 12.337,
        "average utilization" : 0.49330949004131464,
        "makespan" : 32434.0
      },
      "uniformityMetrics" : {
        "min-max utilization" : 0.25,
        "coefficient of variation" : 0.3644344934278313,
        "standard deviation" : 0.1797789941063483,
        "Jain index" : 0.8827586206896549,
        "balancing efficiency" : 0.49999999999999994
      },
      "history" : { }
    }
  }, {
    "clusterModel" : {
      "type" : "MasterSlave"
    },
    "result" : {
      "performanceMetrics" : {
        "average slowdown" : 2.6812781250000013,
        "min-max slowdown" : 4.528,
        "average utilization" : 0.9425625920471281,
        "makespan" : 16975.0
      },
      "uniformityMetrics" : {
        "min-max utilization" : 1.0,
        "coefficient of variation" : 0.0,
        "standard deviation" : 0.0,
        "Jain index" : 1.0000000000000004,
        "balancing efficiency" : 1.0
      },
      "history" : { }
    }
  } ]
} ]