[ {
  "performance metrics" : {
    "average slowdown metric" : 0.6144993416026696,
    "min-max slowdown metric" : 1.5789473684210527,
    "makespan" : 110
  }
}, {
  "uniformity metrics" : {
    "min-max metric" : 0.5,
    "standard deviation" : 0.029889604041406538,
    "Jain index" : 0.9558595345038791,
    "balancing efficiency" : 0.765
  }
}, {
  "history" : {
    "SimpleServer(3,1.550437005117634)" : [ {
      "executionTime" : 17,
      "arrivalTime " : 89,
      "completionTime" : 99
    }, {
      "executionTime" : 19,
      "arrivalTime " : 59,
      "completionTime" : 71
    }, {
      "executionTime" : 16,
      "arrivalTime " : 34,
      "completionTime" : 44
    }, {
      "executionTime" : 18,
      "arrivalTime " : 6,
      "completionTime" : 17
    } ],
    "SimpleServer(0,1.730967787376657)" : [ {
      "executionTime" : 19,
      "arrivalTime " : 63,
      "completionTime" : 73
    }, {
      "executionTime" : 15,
      "arrivalTime " : 53,
      "completionTime" : 61
    }, {
      "executionTime" : 20,
      "arrivalTime " : 20,
      "completionTime" : 31
    }, {
      "executionTime" : 10,
      "arrivalTime " : 2,
      "completionTime" : 7
    } ],
    "SimpleServer(2,1.6374174253501081)" : [ {
      "executionTime" : 14,
      "arrivalTime " : 88,
      "completionTime" : 96
    }, {
      "executionTime" : 10,
      "arrivalTime " : 55,
      "completionTime" : 61
    }, {
      "executionTime" : 12,
      "arrivalTime " : 34,
      "completionTime" : 41
    }, {
      "executionTime" : 16,
      "arrivalTime " : 6,
      "completionTime" : 15
    } ],
    "SimpleServer(1,1.2405364156714858)" : [ {
      "executionTime" : 16,
      "arrivalTime " : 73,
      "completionTime" : 85
    }, {
      "executionTime" : 12,
      "arrivalTime " : 54,
      "completionTime" : 63
    }, {
      "executionTime" : 16,
      "arrivalTime " : 32,
      "completionTime" : 44
    }, {
      "executionTime" : 19,
      "arrivalTime " : 4,
      "completionTime" : 19
    } ],
    "SimpleServer(4,1.597545277797202)" : [ {
      "executionTime" : 18,
      "arrivalTime " : 99,
      "completionTime" : 110
    }, {
      "executionTime" : 10,
      "arrivalTime " : 62,
      "completionTime" : 68
    }, {
      "executionTime" : 11,
      "arrivalTime " : 48,
      "completionTime" : 54
    }, {
      "executionTime" : 18,
      "arrivalTime " : 13,
      "completionTime" : 24
    } ]
  }
} ]